2021-02-01 11:25:43,092 WARN  [SoapUI] Missing folder [C:\Users\rkilhore\Desktop\SDET\api\Project2_mavenreport\my-app\ext] for external libraries
2021-02-01 11:25:43,411 INFO  [DefaultSoapUICore] initialized soapui-settings from [C:\Users\rkilhore\soapui-settings.xml]
2021-02-01 11:25:45,740 INFO  [WsdlProject] Loaded project from [file:/C:/Users/rkilhore/Desktop/SDET/api/Project2_mavenreport/my-app/WSDLProject-soapui-project.xml]
2021-02-01 11:25:46,413 INFO  [SoapUITestCaseRunner] Running SoapUI tests in project [WSDLProject]
2021-02-01 11:25:46,416 INFO  [SoapUITestCaseRunner] Running Project [WSDLProject], runType = SEQUENTIAL
2021-02-01 11:25:46,445 INFO  [SoapUITestCaseRunner] Running SoapUI testcase [T001_Propert&PropertyTransfer]
2021-02-01 11:25:46,486 INFO  [SoapUITestCaseRunner] running step [Properties]
2021-02-01 11:25:46,606 INFO  [SoapUITestCaseRunner] running step [ProductTypesGetList]
2021-02-01 11:25:48,123 INFO  [SoapUITestCaseRunner] Assertion [SOAP Response] has status VALID
2021-02-01 11:25:48,124 INFO  [SoapUITestCaseRunner] running step [CreateProduct]
2021-02-01 11:25:50,228 INFO  [SoapUITestCaseRunner] Assertion [SOAP Response] has status VALID
2021-02-01 11:25:50,230 INFO  [SoapUITestCaseRunner] running step [GetListAllProduct]
2021-02-01 11:25:51,259 INFO  [SoapUITestCaseRunner] Assertion [SOAP Response] has status VALID
2021-02-01 11:25:51,261 INFO  [SoapUITestCaseRunner] running step [Property Transfer]
2021-02-01 11:25:51,555 INFO  [SoapUITestCaseRunner] running step [GetProductById]
2021-02-01 11:25:52,496 INFO  [SoapUITestCaseRunner] Assertion [SOAP Response] has status VALID
2021-02-01 11:25:52,498 INFO  [SoapUITestCaseRunner] running step [Property Transfer 1]
2021-02-01 11:25:52,507 INFO  [SoapUITestCaseRunner] running step [DeleteProduct]
2021-02-01 11:25:53,536 INFO  [SoapUITestCaseRunner] Assertion [SOAP Response] has status VALID
2021-02-01 11:25:53,537 INFO  [SoapUITestCaseRunner] Finished running SoapUI testcase [T001_Propert&PropertyTransfer], time taken: 7005ms, status: FINISHED
2021-02-01 11:25:53,547 INFO  [SoapUITestCaseRunner] Running SoapUI testcase [T002_PropertyExpansion]
2021-02-01 11:25:53,549 INFO  [SoapUITestCaseRunner] running step [Properties]
2021-02-01 11:25:53,555 INFO  [SoapUITestCaseRunner] running step [ProductTypesGetList]
2021-02-01 11:25:54,170 INFO  [SoapUITestCaseRunner] Assertion [SOAP Response] has status VALID
2021-02-01 11:25:54,173 INFO  [SoapUITestCaseRunner] running step [CreateProduct]
2021-02-01 11:25:55,366 INFO  [SoapUITestCaseRunner] Assertion [SOAP Response] has status VALID
2021-02-01 11:25:55,366 INFO  [SoapUITestCaseRunner] running step [GetListAllProduct]
2021-02-01 11:25:56,606 INFO  [SoapUITestCaseRunner] Assertion [SOAP Response] has status VALID
2021-02-01 11:25:56,606 INFO  [SoapUITestCaseRunner] running step [GetProductById]
2021-02-01 11:25:58,538 INFO  [SoapUITestCaseRunner] Assertion [SOAP Response] has status VALID
2021-02-01 11:25:58,539 INFO  [SoapUITestCaseRunner] running step [DeleteProduct]
2021-02-01 11:26:00,141 INFO  [SoapUITestCaseRunner] Assertion [SOAP Response] has status VALID
2021-02-01 11:26:00,143 INFO  [SoapUITestCaseRunner] Finished running SoapUI testcase [T002_PropertyExpansion], time taken: 6573ms, status: FINISHED
2021-02-01 11:26:00,156 INFO  [SoapUITestCaseRunner] Running SoapUI testcase [T003_GroovyScript]
2021-02-01 11:26:00,157 INFO  [SoapUITestCaseRunner] running step [ProductTypesGetList]
2021-02-01 11:26:01,234 INFO  [SoapUITestCaseRunner] Assertion [SOAP Response] has status VALID
2021-02-01 11:26:01,236 INFO  [SoapUITestCaseRunner] running step [CreateProduct]
2021-02-01 11:26:03,330 INFO  [SoapUITestCaseRunner] Assertion [SOAP Response] has status VALID
2021-02-01 11:26:03,336 INFO  [SoapUITestCaseRunner] running step [GetListAllProduct]
2021-02-01 11:26:05,826 INFO  [log] SKU00020
2021-02-01 11:26:05,839 INFO  [SoapUITestCaseRunner] Assertion [SOAP Response] has status VALID
2021-02-01 11:26:05,845 INFO  [SoapUITestCaseRunner] Assertion [Script Assertion] has status VALID
2021-02-01 11:26:05,846 INFO  [SoapUITestCaseRunner] running step [GetProductById]
2021-02-01 11:26:07,465 INFO  [SoapUITestCaseRunner] Assertion [SOAP Response] has status VALID
2021-02-01 11:26:07,465 INFO  [SoapUITestCaseRunner] running step [DeleteProduct]
2021-02-01 11:26:08,562 INFO  [SoapUITestCaseRunner] Assertion [SOAP Response] has status VALID
2021-02-01 11:26:08,564 INFO  [SoapUITestCaseRunner] Finished running SoapUI testcase [T003_GroovyScript], time taken: 8367ms, status: FINISHED
2021-02-01 11:26:08,571 INFO  [SoapUITestCaseRunner] Running SoapUI testcase [T004]
2021-02-01 11:26:08,572 INFO  [SoapUITestCaseRunner] running step [Groovy Script]
2021-02-01 11:26:08,671 INFO  [SoapUITestCaseRunner] Running SoapUI testcase [T003_GroovyScript]
2021-02-01 11:26:08,685 INFO  [SoapUITestCaseRunner] running step [ProductTypesGetList]
2021-02-01 11:26:09,326 INFO  [SoapUITestCaseRunner] Assertion [SOAP Response] has status VALID
2021-02-01 11:26:09,328 INFO  [SoapUITestCaseRunner] running step [CreateProduct]
2021-02-01 11:26:10,562 INFO  [SoapUITestCaseRunner] Assertion [SOAP Response] has status VALID
2021-02-01 11:26:10,564 INFO  [SoapUITestCaseRunner] running step [GetListAllProduct]
2021-02-01 11:26:11,770 INFO  [log] SKU00020
2021-02-01 11:26:11,780 INFO  [SoapUITestCaseRunner] Assertion [SOAP Response] has status VALID
2021-02-01 11:26:11,788 INFO  [SoapUITestCaseRunner] Assertion [Script Assertion] has status VALID
2021-02-01 11:26:11,795 INFO  [SoapUITestCaseRunner] running step [GetProductById]
2021-02-01 11:26:13,033 INFO  [SoapUITestCaseRunner] Assertion [SOAP Response] has status VALID
2021-02-01 11:26:13,035 INFO  [SoapUITestCaseRunner] running step [DeleteProduct]
2021-02-01 11:26:14,185 INFO  [SoapUITestCaseRunner] Assertion [SOAP Response] has status VALID
2021-02-01 11:26:14,185 INFO  [SoapUITestCaseRunner] Finished running SoapUI testcase [T003_GroovyScript], time taken: 5446ms, status: FINISHED
2021-02-01 11:26:14,212 INFO  [log] Status =FINISHED, time taken to complete the execution is 5446 ms
2021-02-01 11:26:14,239 INFO  [log] number of test steps executed are 5
2021-02-01 11:26:14,241 INFO  [SoapUITestCaseRunner] Finished running SoapUI testcase [T004], time taken: 5662ms, status: FINISHED
2021-02-01 11:26:14,245 INFO  [SoapUITestCaseRunner] Project [WSDLProject] finished with status [FINISHED] in 27819ms
